# Logfile created on 2014-01-09 17:53:30 +0900 by logger.rb/31641
I, [2014-01-09T17:53:30.134300 #17145]  INFO -- : 1:  rake (0.9.2.2) from /opt/boxen/rbenv/versions/1.9.3-p448/lib/ruby/gems/1.9.1/specifications/rake-0.9.2.2.gemspec
I, [2014-01-09T17:53:30.891389 #17151]  INFO -- : 7:  coderay (1.0.9) from /opt/boxen/rbenv/versions/1.9.3-p448/lib/ruby/gems/1.9.1/specifications/coderay-1.0.9.gemspec
I, [2014-01-09T17:53:30.933243 #17150]  INFO -- : 6:  fssm (0.2.9) from /opt/boxen/rbenv/versions/1.9.3-p448/lib/ruby/gems/1.9.1/specifications/fssm-0.2.9.gemspec
I, [2014-01-09T17:53:31.044357 #17146]  INFO -- : 2:  directory_watcher (1.4.1) from /opt/boxen/rbenv/versions/1.9.3-p448/lib/ruby/gems/1.9.1/specifications/directory_watcher-1.4.1.gemspec
I, [2014-01-09T17:53:31.051394 #17147]  INFO -- : 3:  sass (3.2.9) from /opt/boxen/rbenv/versions/1.9.3-p448/lib/ruby/gems/1.9.1/specifications/sass-3.2.9.gemspec
I, [2014-01-09T17:53:31.129271 #17149]  INFO -- : 5:  chunky_png (1.2.5) from /opt/boxen/rbenv/versions/1.9.3-p448/lib/ruby/gems/1.9.1/specifications/chunky_png-1.2.5.gemspec
I, [2014-01-09T17:53:31.293129 #17144]  INFO -- : 0:  fast-stemmer (1.0.1) from /opt/boxen/rbenv/versions/1.9.3-p448/lib/ruby/gems/1.9.1/specifications/fast-stemmer-1.0.1.gemspec
I, [2014-01-09T17:53:31.522712 #17150]  INFO -- : 6:  formatador (0.2.4) from /opt/boxen/rbenv/versions/1.9.3-p448/lib/ruby/gems/1.9.1/specifications/formatador-0.2.4.gemspec
I, [2014-01-09T17:53:31.692226 #17146]  INFO -- : 2:  listen (0.7.3) from /opt/boxen/rbenv/versions/1.9.3-p448/lib/ruby/gems/1.9.1/specifications/listen-0.7.3.gemspec
I, [2014-01-09T17:53:31.737823 #17147]  INFO -- : 3:  lumberjack (1.0.4) from /opt/boxen/rbenv/versions/1.9.3-p448/lib/ruby/gems/1.9.1/specifications/lumberjack-1.0.4.gemspec
I, [2014-01-09T17:53:31.800825 #17149]  INFO -- : 5:  method_source (0.8.2) from /opt/boxen/rbenv/versions/1.9.3-p448/lib/ruby/gems/1.9.1/specifications/method_source-0.8.2.gemspec
I, [2014-01-09T17:53:32.008597 #17151]  INFO -- : 7:  http_parser.rb (0.5.3) from /opt/boxen/rbenv/versions/1.9.3-p448/lib/ruby/gems/1.9.1/specifications/http_parser.rb-0.5.3.gemspec
I, [2014-01-09T17:53:32.061330 #17144]  INFO -- : 0:  slop (3.4.6) from /opt/boxen/rbenv/versions/1.9.3-p448/lib/ruby/gems/1.9.1/specifications/slop-3.4.6.gemspec
I, [2014-01-09T17:53:32.222606 #17150]  INFO -- : 6:  thor (0.18.1) from /opt/boxen/rbenv/versions/1.9.3-p448/lib/ruby/gems/1.9.1/specifications/thor-0.18.1.gemspec
I, [2014-01-09T17:53:32.363133 #17146]  INFO -- : 2:  multi_json (1.7.9) from /opt/boxen/rbenv/versions/1.9.3-p448/lib/ruby/gems/1.9.1/specifications/multi_json-1.7.9.gemspec
I, [2014-01-09T17:53:32.666780 #17147]  INFO -- : 3:  haml (3.1.7) from /opt/boxen/rbenv/versions/1.9.3-p448/lib/ruby/gems/1.9.1/specifications/haml-3.1.7.gemspec
I, [2014-01-09T17:53:32.702575 #17148]  INFO -- : 4:  RedCloth (4.2.9) from /opt/boxen/rbenv/versions/1.9.3-p448/lib/ruby/gems/1.9.1/specifications/RedCloth-4.2.9.gemspec
I, [2014-01-09T17:53:32.768288 #17151]  INFO -- : 7:  liquid (2.3.0) from /opt/boxen/rbenv/versions/1.9.3-p448/lib/ruby/gems/1.9.1/specifications/liquid-2.3.0.gemspec
I, [2014-01-09T17:53:32.776210 #17144]  INFO -- : 0:  syntax (1.0.0) from /opt/boxen/rbenv/versions/1.9.3-p448/lib/ruby/gems/1.9.1/specifications/syntax-1.0.0.gemspec
I, [2014-01-09T17:53:32.792136 #17149]  INFO -- : 5:  kramdown (0.13.8) from /opt/boxen/rbenv/versions/1.9.3-p448/lib/ruby/gems/1.9.1/specifications/kramdown-0.13.8.gemspec
I, [2014-01-09T17:53:33.006332 #17150]  INFO -- : 6:  posix-spawn (0.3.6) from /opt/boxen/rbenv/versions/1.9.3-p448/lib/ruby/gems/1.9.1/specifications/posix-spawn-0.3.6.gemspec
I, [2014-01-09T17:53:33.399665 #17148]  INFO -- : 4:  rb-fsevent (0.9.1) from /opt/boxen/rbenv/versions/1.9.3-p448/lib/ruby/gems/1.9.1/specifications/rb-fsevent-0.9.1.gemspec
I, [2014-01-09T17:53:33.400202 #17148]  INFO -- : 4:  bundler (1.5.1) from /opt/boxen/rbenv/versions/1.9.3-p448/lib/ruby/gems/1.9.1/specifications/bundler-1.5.1.gemspec
I, [2014-01-09T17:53:33.427159 #17147]  INFO -- : 3:  rack (1.5.2) from /opt/boxen/rbenv/versions/1.9.3-p448/lib/ruby/gems/1.9.1/specifications/rack-1.5.2.gemspec
I, [2014-01-09T17:53:33.446669 #17144]  INFO -- : 0:  rubypants (0.2.0) from /opt/boxen/rbenv/versions/1.9.3-p448/lib/ruby/gems/1.9.1/specifications/rubypants-0.2.0.gemspec
I, [2014-01-09T17:53:33.600145 #17149]  INFO -- : 5:  tilt (1.3.7) from /opt/boxen/rbenv/versions/1.9.3-p448/lib/ruby/gems/1.9.1/specifications/tilt-1.3.7.gemspec
I, [2014-01-09T17:53:33.804826 #17146]  INFO -- : 2:  yajl-ruby (1.1.0) from /opt/boxen/rbenv/versions/1.9.3-p448/lib/ruby/gems/1.9.1/specifications/yajl-ruby-1.1.0.gemspec
I, [2014-01-09T17:53:33.861010 #17150]  INFO -- : 6:  stringex (1.4.0) from /opt/boxen/rbenv/versions/1.9.3-p448/lib/ruby/gems/1.9.1/specifications/stringex-1.4.0.gemspec
I, [2014-01-09T17:53:34.037544 #17148]  INFO -- : 4:  sass-globbing (1.0.0) from /opt/boxen/rbenv/versions/1.9.3-p448/lib/ruby/gems/1.9.1/specifications/sass-globbing-1.0.0.gemspec
I, [2014-01-09T17:53:34.162361 #17144]  INFO -- : 0:  classifier (1.3.3) from /opt/boxen/rbenv/versions/1.9.3-p448/lib/ruby/gems/1.9.1/specifications/classifier-1.3.3.gemspec
I, [2014-01-09T17:53:34.569850 #17149]  INFO -- : 5:  pry (0.9.12.2) from /opt/boxen/rbenv/versions/1.9.3-p448/lib/ruby/gems/1.9.1/specifications/pry-0.9.12.2.gemspec
I, [2014-01-09T17:53:34.591989 #17150]  INFO -- : 6:  rack-protection (1.5.0) from /opt/boxen/rbenv/versions/1.9.3-p448/lib/ruby/gems/1.9.1/specifications/rack-protection-1.5.0.gemspec
I, [2014-01-09T17:53:34.760478 #17146]  INFO -- : 2:  maruku (0.6.1) from /opt/boxen/rbenv/versions/1.9.3-p448/lib/ruby/gems/1.9.1/specifications/maruku-0.6.1.gemspec
I, [2014-01-09T17:53:34.910535 #17151]  INFO -- : 7:  rdiscount (2.0.7.3) from /opt/boxen/rbenv/versions/1.9.3-p448/lib/ruby/gems/1.9.1/specifications/rdiscount-2.0.7.3.gemspec
I, [2014-01-09T17:53:35.408509 #17147]  INFO -- : 3:  compass (0.12.2) from /opt/boxen/rbenv/versions/1.9.3-p448/lib/ruby/gems/1.9.1/specifications/compass-0.12.2.gemspec
I, [2014-01-09T17:53:35.614245 #17144]  INFO -- : 0:  guard (1.7.0) from /opt/boxen/rbenv/versions/1.9.3-p448/lib/ruby/gems/1.9.1/specifications/guard-1.7.0.gemspec
I, [2014-01-09T17:53:35.623619 #17148]  INFO -- : 4:  pygments.rb (0.3.4) from /opt/boxen/rbenv/versions/1.9.3-p448/lib/ruby/gems/1.9.1/specifications/pygments.rb-0.3.4.gemspec
I, [2014-01-09T17:53:35.723058 #17149]  INFO -- : 5:  sinatra (1.4.2) from /opt/boxen/rbenv/versions/1.9.3-p448/lib/ruby/gems/1.9.1/specifications/sinatra-1.4.2.gemspec
I, [2014-01-09T17:53:36.420125 #17150]  INFO -- : 6:  jekyll (0.12.0) from /opt/boxen/rbenv/versions/1.9.3-p448/lib/ruby/gems/1.9.1/specifications/jekyll-0.12.0.gemspec
I, [2014-01-09T17:53:36.615199 #17145]  INFO -- : 1:  eventmachine (1.0.3) from /opt/boxen/rbenv/versions/1.9.3-p448/lib/ruby/gems/1.9.1/specifications/eventmachine-1.0.3.gemspec
I, [2014-01-09T17:53:37.270902 #17146]  INFO -- : 2:  em-websocket (0.5.0) from /opt/boxen/rbenv/versions/1.9.3-p448/lib/ruby/gems/1.9.1/specifications/em-websocket-0.5.0.gemspec
I, [2014-01-09T17:53:37.996654 #17151]  INFO -- : 7:  guard-livereload (1.3.0) from /opt/boxen/rbenv/versions/1.9.3-p448/lib/ruby/gems/1.9.1/specifications/guard-livereload-1.3.0.gemspec
